# JRE version: OpenJDK Runtime Environment Temurin-17.0.2+8 (17.0.2+8) (build 17.0.2+8)
# Java VM: OpenJDK 64-Bit Server VM Temurin-17.0.2+8 (17.0.2+8, mixed mode, emulated-client, tiered, compressed oops, compressed class ptrs, g1 gc, windows-amd64)
GC Precious Log:
 CPUs: 8 total, 8 available
 Memory: 16140M
 Large Page Support: Disabled
 NUMA Support: Disabled
 Compressed Oops: Enabled (Zero based)
 Heap Region Size: 2M
 Heap Min Capacity: 8M
 Heap Initial Capacity: 254M
 Heap Max Capacity: 4036M
 Pre-touch: Disabled
 Parallel Workers: 8
 Concurrent Workers: 2
 Concurrent Refinement Workers: 8
 Periodic GC: Disabled
Heap:
 garbage-first heap   total 260096K, used 92991K [0x0000000703c00000, 0x0000000800000000)
  region size 2048K, 1 young (2048K), 1 survivors (2048K)
 Metaspace       used 69976K, committed 70464K, reserved 1114112K
  class space    used 9359K, committed 9600K, reserved 1048576K
GC Heap History (20 events):
Event: 7.233 GC heap after
{Heap after GC invocations=21 (full 0):
 garbage-first heap   total 163840K, used 46208K [0x0000000703c00000, 0x0000000800000000)
  region size 2048K, 3 young (6144K), 3 survivors (6144K)
 Metaspace       used 59974K, committed 60416K, reserved 1105920K
  class space    used 7929K, committed 8128K, reserved 1048576K
}
Event: 7.834 GC heap before
{Heap before GC invocations=22 (full 0):
 garbage-first heap   total 163840K, used 132224K [0x0000000703c00000, 0x0000000800000000)
  region size 2048K, 45 young (92160K), 3 survivors (6144K)
 Metaspace       used 64142K, committed 64640K, reserved 1105920K
  class space    used 8578K, committed 8832K, reserved 1048576K
}
Event: 7.840 GC heap after
{Heap after GC invocations=23 (full 0):
 garbage-first heap   total 163840K, used 50751K [0x0000000703c00000, 0x0000000800000000)
  region size 2048K, 5 young (10240K), 5 survivors (10240K)
 Metaspace       used 64142K, committed 64640K, reserved 1105920K
  class space    used 8578K, committed 8832K, reserved 1048576K
}
Event: 8.204 GC heap before
{Heap before GC invocations=23 (full 0):
 garbage-first heap   total 163840K, used 132671K [0x0000000703c00000, 0x0000000800000000)
  region size 2048K, 45 young (92160K), 5 survivors (10240K)
 Metaspace       used 65326K, committed 65856K, reserved 1114112K
  class space    used 8739K, committed 8960K, reserved 1048576K
}
Event: 8.212 GC heap after
{Heap after GC invocations=24 (full 0):
 garbage-first heap   total 163840K, used 53644K [0x0000000703c00000, 0x0000000800000000)
  region size 2048K, 5 young (10240K), 5 survivors (10240K)
 Metaspace       used 65326K, committed 65856K, reserved 1114112K
  class space    used 8739K, committed 8960K, reserved 1048576K
}
Event: 8.619 GC heap before
{Heap before GC invocations=24 (full 0):
 garbage-first heap   total 163840K, used 133516K [0x0000000703c00000, 0x0000000800000000)
  region size 2048K, 44 young (90112K), 5 survivors (10240K)
 Metaspace       used 67513K, committed 68096K, reserved 1114112K
  class space    used 9022K, committed 9280K, reserved 1048576K
}
Event: 8.631 GC heap after
{Heap after GC invocations=25 (full 0):
 garbage-first heap   total 163840K, used 66350K [0x0000000703c00000, 0x0000000800000000)
  region size 2048K, 6 young (12288K), 6 survivors (12288K)
 Metaspace       used 67513K, committed 68096K, reserved 1114112K
  class space    used 9022K, committed 9280K, reserved 1048576K
}
Event: 8.731 GC heap before
{Heap before GC invocations=25 (full 0):
 garbage-first heap   total 163840K, used 125742K [0x0000000703c00000, 0x0000000800000000)
  region size 2048K, 35 young (71680K), 6 survivors (12288K)
 Metaspace       used 67639K, committed 68160K, reserved 1114112K
  class space    used 9039K, committed 9280K, reserved 1048576K
}
Event: 8.744 GC heap after
{Heap after GC invocations=26 (full 0):
 garbage-first heap   total 163840K, used 85485K [0x0000000703c00000, 0x0000000800000000)
  region size 2048K, 5 young (10240K), 5 survivors (10240K)
 Metaspace       used 67639K, committed 68160K, reserved 1114112K
  class space    used 9039K, committed 9280K, reserved 1048576K
}
Event: 8.750 GC heap before
{Heap before GC invocations=26 (full 0):
 garbage-first heap   total 163840K, used 87533K [0x0000000703c00000, 0x0000000800000000)
  region size 2048K, 7 young (14336K), 5 survivors (10240K)
 Metaspace       used 67639K, committed 68160K, reserved 1114112K
  class space    used 9039K, committed 9280K, reserved 1048576K
}
Event: 8.755 GC heap after
{Heap after GC invocations=27 (full 0):
 garbage-first heap   total 235520K, used 89272K [0x0000000703c00000, 0x0000000800000000)
  region size 2048K, 2 young (4096K), 2 survivors (4096K)
 Metaspace       used 67639K, committed 68160K, reserved 1114112K
  class space    used 9039K, committed 9280K, reserved 1048576K
}
Event: 8.845 GC heap before
{Heap before GC invocations=27 (full 0):
 garbage-first heap   total 235520K, used 154808K [0x0000000703c00000, 0x0000000800000000)
  region size 2048K, 33 young (67584K), 2 survivors (4096K)
 Metaspace       used 67639K, committed 68160K, reserved 1114112K
  class space    used 9039K, committed 9280K, reserved 1048576K
}
Event: 8.854 GC heap after
{Heap after GC invocations=28 (full 0):
 garbage-first heap   total 235520K, used 108840K [0x0000000703c00000, 0x0000000800000000)
  region size 2048K, 5 young (10240K), 5 survivors (10240K)
 Metaspace       used 67639K, committed 68160K, reserved 1114112K
  class space    used 9039K, committed 9280K, reserved 1048576K
}
Event: 9.081 GC heap before
{Heap before GC invocations=28 (full 0):
 garbage-first heap   total 235520K, used 157992K [0x0000000703c00000, 0x0000000800000000)
  region size 2048K, 30 young (61440K), 5 survivors (10240K)
 Metaspace       used 68279K, committed 68800K, reserved 1114112K
  class space    used 9119K, committed 9344K, reserved 1048576K
}
Event: 9.091 GC heap after
{Heap after GC invocations=29 (full 0):
 garbage-first heap   total 235520K, used 119640K [0x0000000703c00000, 0x0000000800000000)
  region size 2048K, 4 young (8192K), 4 survivors (8192K)
 Metaspace       used 68279K, committed 68800K, reserved 1114112K
  class space    used 9119K, committed 9344K, reserved 1048576K
}
Event: 9.329 GC heap before
{Heap before GC invocations=29 (full 0):
 garbage-first heap   total 235520K, used 168792K [0x0000000703c00000, 0x0000000800000000)
  region size 2048K, 28 young (57344K), 4 survivors (8192K)
 Metaspace       used 68937K, committed 69504K, reserved 1114112K
  class space    used 9203K, committed 9472K, reserved 1048576K
}
Event: 9.336 GC heap after
{Heap after GC invocations=30 (full 0):
 garbage-first heap   total 235520K, used 123364K [0x0000000703c00000, 0x0000000800000000)
  region size 2048K, 2 young (4096K), 2 survivors (4096K)
 Metaspace       used 68937K, committed 69504K, reserved 1114112K
  class space    used 9203K, committed 9472K, reserved 1048576K
}
Event: 9.717 GC heap before
{Heap before GC invocations=31 (full 0):
 garbage-first heap   total 235520K, used 164324K [0x0000000703c00000, 0x0000000800000000)
  region size 2048K, 27 young (55296K), 2 survivors (4096K)
 Metaspace       used 69889K, committed 70400K, reserved 1114112K
  class space    used 9348K, committed 9600K, reserved 1048576K
}
Event: 9.721 GC heap after
{Heap after GC invocations=32 (full 0):
 garbage-first heap   total 235520K, used 115765K [0x0000000703c00000, 0x0000000800000000)
  region size 2048K, 2 young (4096K), 2 survivors (4096K)
 Metaspace       used 69889K, committed 70400K, reserved 1114112K
  class space    used 9348K, committed 9600K, reserved 1048576K
}
Event: 9.826 GC heap before
{Heap before GC invocations=32 (full 0):
 garbage-first heap   total 235520K, used 121909K [0x0000000703c00000, 0x0000000800000000)
  region size 2048K, 5 young (10240K), 2 survivors (4096K)
 Metaspace       used 69976K, committed 70464K, reserved 1114112K
  class space    used 9359K, committed 9600K, reserved 1048576K
}

