# JRE version: OpenJDK Runtime Environment Temurin-17.0.2+8 (17.0.2+8) (build 17.0.2+8)
# Java VM: OpenJDK 64-Bit Server VM Temurin-17.0.2+8 (17.0.2+8, mixed mode, emulated-client, tiered, compressed oops, compressed class ptrs, g1 gc, windows-amd64)
GC Precious Log:
 CPUs: 8 total, 8 available
 Memory: 16140M
 Large Page Support: Disabled
 NUMA Support: Disabled
 Compressed Oops: Enabled (Zero based)
 Heap Region Size: 2M
 Heap Min Capacity: 8M
 Heap Initial Capacity: 254M
 Heap Max Capacity: 4036M
 Pre-touch: Disabled
 Parallel Workers: 8
 Concurrent Workers: 2
 Concurrent Refinement Workers: 8
 Periodic GC: Disabled
Heap:
 garbage-first heap   total 348160K, used 114304K [0x0000000703c00000, 0x0000000800000000)
  region size 2048K, 2 young (4096K), 2 survivors (4096K)
 Metaspace       used 79802K, committed 80576K, reserved 1122304K
  class space    used 10625K, committed 11008K, reserved 1048576K
GC Heap History (20 events):
Event: 665.362 GC heap after
{Heap after GC invocations=69 (full 3):
 garbage-first heap   total 321536K, used 87912K [0x0000000703c00000, 0x0000000800000000)
  region size 2048K, 0 young (0K), 0 survivors (0K)
 Metaspace       used 78495K, committed 79296K, reserved 1122304K
  class space    used 10493K, committed 10880K, reserved 1048576K
}
Event: 666.042 GC heap before
{Heap before GC invocations=69 (full 3):
 garbage-first heap   total 321536K, used 212840K [0x0000000703c00000, 0x0000000800000000)
  region size 2048K, 61 young (124928K), 0 survivors (0K)
 Metaspace       used 78799K, committed 79616K, reserved 1122304K
  class space    used 10527K, committed 10944K, reserved 1048576K
}
Event: 666.048 GC heap after
{Heap after GC invocations=70 (full 3):
 garbage-first heap   total 321536K, used 94475K [0x0000000703c00000, 0x0000000800000000)
  region size 2048K, 4 young (8192K), 4 survivors (8192K)
 Metaspace       used 78799K, committed 79616K, reserved 1122304K
  class space    used 10527K, committed 10944K, reserved 1048576K
}
Event: 666.630 GC heap before
{Heap before GC invocations=71 (full 3):
 garbage-first heap   total 321536K, used 221451K [0x0000000703c00000, 0x0000000800000000)
  region size 2048K, 66 young (135168K), 4 survivors (8192K)
 Metaspace       used 78830K, committed 79616K, reserved 1122304K
  class space    used 10530K, committed 10944K, reserved 1048576K
}
Event: 666.635 GC heap after
{Heap after GC invocations=72 (full 3):
 garbage-first heap   total 321536K, used 97027K [0x0000000703c00000, 0x0000000800000000)
  region size 2048K, 5 young (10240K), 5 survivors (10240K)
 Metaspace       used 78830K, committed 79616K, reserved 1122304K
  class space    used 10530K, committed 10944K, reserved 1048576K
}
Event: 667.219 GC heap before
{Heap before GC invocations=72 (full 3):
 garbage-first heap   total 321536K, used 230147K [0x0000000703c00000, 0x0000000800000000)
  region size 2048K, 70 young (143360K), 5 survivors (10240K)
 Metaspace       used 79167K, committed 79936K, reserved 1122304K
  class space    used 10564K, committed 10944K, reserved 1048576K
}
Event: 667.226 GC heap after
{Heap after GC invocations=73 (full 3):
 garbage-first heap   total 321536K, used 102833K [0x0000000703c00000, 0x0000000800000000)
  region size 2048K, 8 young (16384K), 8 survivors (16384K)
 Metaspace       used 79167K, committed 79936K, reserved 1122304K
  class space    used 10564K, committed 10944K, reserved 1048576K
}
Event: 667.750 GC heap before
{Heap before GC invocations=74 (full 3):
 garbage-first heap   total 321536K, used 235953K [0x0000000703c00000, 0x0000000800000000)
  region size 2048K, 73 young (149504K), 8 survivors (16384K)
 Metaspace       used 79607K, committed 80384K, reserved 1122304K
  class space    used 10606K, committed 11008K, reserved 1048576K
}
Event: 667.759 GC heap after
{Heap after GC invocations=75 (full 3):
 garbage-first heap   total 321536K, used 106485K [0x0000000703c00000, 0x0000000800000000)
  region size 2048K, 7 young (14336K), 7 survivors (14336K)
 Metaspace       used 79607K, committed 80384K, reserved 1122304K
  class space    used 10606K, committed 11008K, reserved 1048576K
}
Event: 668.221 GC heap before
{Heap before GC invocations=75 (full 3):
 garbage-first heap   total 321536K, used 241653K [0x0000000703c00000, 0x0000000800000000)
  region size 2048K, 73 young (149504K), 7 survivors (14336K)
 Metaspace       used 79717K, committed 80512K, reserved 1122304K
  class space    used 10615K, committed 11008K, reserved 1048576K
}
Event: 668.231 GC heap after
{Heap after GC invocations=76 (full 3):
 garbage-first heap   total 321536K, used 113382K [0x0000000703c00000, 0x0000000800000000)
  region size 2048K, 9 young (18432K), 9 survivors (18432K)
 Metaspace       used 79717K, committed 80512K, reserved 1122304K
  class space    used 10615K, committed 11008K, reserved 1048576K
}
Event: 668.440 GC heap before
{Heap before GC invocations=77 (full 3):
 garbage-first heap   total 348160K, used 248550K [0x0000000703c00000, 0x0000000800000000)
  region size 2048K, 74 young (151552K), 9 survivors (18432K)
 Metaspace       used 79730K, committed 80512K, reserved 1122304K
  class space    used 10618K, committed 11008K, reserved 1048576K
}
Event: 668.449 GC heap after
{Heap after GC invocations=78 (full 3):
 garbage-first heap   total 348160K, used 115685K [0x0000000703c00000, 0x0000000800000000)
  region size 2048K, 5 young (10240K), 5 survivors (10240K)
 Metaspace       used 79730K, committed 80512K, reserved 1122304K
  class space    used 10618K, committed 11008K, reserved 1048576K
}
Event: 668.474 GC heap before
{Heap before GC invocations=78 (full 3):
 garbage-first heap   total 348160K, used 134117K [0x0000000703c00000, 0x0000000800000000)
  region size 2048K, 16 young (32768K), 5 survivors (10240K)
 Metaspace       used 79730K, committed 80512K, reserved 1122304K
  class space    used 10618K, committed 11008K, reserved 1048576K
}
Event: 668.481 GC heap after
{Heap after GC invocations=79 (full 3):
 garbage-first heap   total 348160K, used 122273K [0x0000000703c00000, 0x0000000800000000)
  region size 2048K, 9 young (18432K), 9 survivors (18432K)
 Metaspace       used 79730K, committed 80512K, reserved 1122304K
  class space    used 10618K, committed 11008K, reserved 1048576K
}
Event: 668.986 GC heap before
{Heap before GC invocations=80 (full 3):
 garbage-first heap   total 348160K, used 243105K [0x0000000703c00000, 0x0000000800000000)
  region size 2048K, 68 young (139264K), 9 survivors (18432K)
 Metaspace       used 79737K, committed 80512K, reserved 1122304K
  class space    used 10620K, committed 11008K, reserved 1048576K
}
Event: 668.994 GC heap after
{Heap after GC invocations=81 (full 3):
 garbage-first heap   total 348160K, used 114199K [0x0000000703c00000, 0x0000000800000000)
  region size 2048K, 3 young (6144K), 3 survivors (6144K)
 Metaspace       used 79737K, committed 80512K, reserved 1122304K
  class space    used 10620K, committed 11008K, reserved 1048576K
}
Event: 669.027 GC heap before
{Heap before GC invocations=81 (full 3):
 garbage-first heap   total 348160K, used 122391K [0x0000000703c00000, 0x0000000800000000)
  region size 2048K, 8 young (16384K), 3 survivors (6144K)
 Metaspace       used 79737K, committed 80512K, reserved 1122304K
  class space    used 10620K, committed 11008K, reserved 1048576K
}
Event: 669.031 GC heap after
{Heap after GC invocations=82 (full 3):
 garbage-first heap   total 348160K, used 113299K [0x0000000703c00000, 0x0000000800000000)
  region size 2048K, 1 young (2048K), 1 survivors (2048K)
 Metaspace       used 79737K, committed 80512K, reserved 1122304K
  class space    used 10620K, committed 11008K, reserved 1048576K
}
Event: 817.390 GC heap before
{Heap before GC invocations=82 (full 3):
 garbage-first heap   total 348160K, used 252563K [0x0000000703c00000, 0x0000000800000000)
  region size 2048K, 69 young (141312K), 1 survivors (2048K)
 Metaspace       used 79802K, committed 80576K, reserved 1122304K
  class space    used 10625K, committed 11008K, reserved 1048576K
}

